<?xml version="1.0" encoding="UTF-8"?>
<testsuite xmlns:xsi="http://www.w3.org/2001/XMLSchema-instance" xsi:noNamespaceSchemaLocation="https://maven.apache.org/surefire/maven-surefire-plugin/xsd/surefire-test-report-3.0.xsd" version="3.0" name="kladd.AppTest" time="0.062" tests="4" errors="0" skipped="0" failures="0">
  <properties>
[...]
</properties>
  <testcase name="testAppMainWithNullArguments" classname="kladd.AppTest" time="0.047"/>
  <testcase name="testEnvironment" classname="kladd.AppTest" time="0.001"/>
  <testcase name="testAppPrintsHelloWorld" classname="kladd.AppTest" time="0.004"/>
  <testcase name="testAppMainWithArguments" classname="kladd.AppTest" time="0.001"/>
</testsuite>